<?xml version="1.0" encoding="UTF-8"?>
<testng-results skipped="0" failed="0" ignored="0" total="1" passed="1">
  <reporter-output>
  </reporter-output>
  <suite name="Default suite" duration-ms="273065" started-at="2017-03-21T19:51:47Z" finished-at="2017-03-21T19:56:21Z">
    <groups>
    </groups>
    <test name="Default test" duration-ms="273065" started-at="2017-03-21T19:51:47Z" finished-at="2017-03-21T19:56:21Z">
      <class name="com.streame.Smoke">
        <test-method status="PASS" signature="setUp()[pri:0, instance:com.streame.Smoke@68be2bc2]" name="setUp" is-config="true" duration-ms="2981" started-at="2017-03-21T14:51:47Z" finished-at="2017-03-21T14:51:50Z">
          <reporter-output>
          </reporter-output>
        </test-method> <!-- setUp -->
        <test-method status="PASS" signature="Streame_smoke()[pri:0, instance:com.streame.Smoke@68be2bc2]" name="Streame_smoke" duration-ms="269098" started-at="2017-03-21T14:51:50Z" finished-at="2017-03-21T14:56:20Z">
          <reporter-output>
          </reporter-output>
        </test-method> <!-- Streame_smoke -->
        <test-method status="PASS" signature="tearDown()[pri:0, instance:com.streame.Smoke@68be2bc2]" name="tearDown" is-config="true" duration-ms="970" started-at="2017-03-21T14:56:20Z" finished-at="2017-03-21T14:56:21Z">
          <reporter-output>
          </reporter-output>
        </test-method> <!-- tearDown -->
      </class> <!-- com.streame.Smoke -->
    </test> <!-- Default test -->
  </suite> <!-- Default suite -->
</testng-results>
